Determining if the pthread_create exist failed with the following output:
Change Dir: /home/feraldo/ROS_ws/bionic_hand_ws/build/CMakeFiles/CMakeTmp

Run Build Command:"/usr/bin/make" "cmTC_fa14b/fast"
/usr/bin/make -f CMakeFiles/cmTC_fa14b.dir/build.make CMakeFiles/cmTC_fa14b.dir/build
make[1]: Entering directory '/home/feraldo/ROS_ws/bionic_hand_ws/build/CMakeFiles/CMakeTmp'
Building C object CMakeFiles/cmTC_fa14b.dir/CheckSymbolExists.c.o
/usr/bin/cc     -o CMakeFiles/cmTC_fa14b.dir/CheckSymbolExists.c.o   -c /home/feraldo/ROS_ws/bionic_hand_ws/build/CMakeFiles/CMakeTmp/CheckSymbolExists.c
Linking C executable cmTC_fa14b
/usr/bin/cmake -E cmake_link_script CMakeFiles/cmTC_fa14b.dir/link.txt --verbose=1
/usr/bin/cc       CMakeFiles/cmTC_fa14b.dir/CheckSymbolExists.c.o  -o cmTC_fa14b -rdynamic 
CMakeFiles/cmTC_fa14b.dir/CheckSymbolExists.c.o: In function `main':
CheckSymbolExists.c:(.text+0x16): undefined reference to `pthread_create'
collect2: error: ld returned 1 exit status
CMakeFiles/cmTC_fa14b.dir/build.make:97: recipe for target 'cmTC_fa14b' failed
make[1]: *** [cmTC_fa14b] Error 1
make[1]: Leaving directory '/home/feraldo/ROS_ws/bionic_hand_ws/build/CMakeFiles/CMakeTmp'
Makefile:126: recipe for target 'cmTC_fa14b/fast' failed
make: *** [cmTC_fa14b/fast] Error 2

File /home/feraldo/ROS_ws/bionic_hand_ws/build/CMakeFiles/CMakeTmp/CheckSymbolExists.c:
/* */
#include <pthread.h>

int main(int argc, char** argv)
{
  (void)argv;
#ifndef pthread_create
  return ((int*)(&pthread_create))[argc];
#else
  (void)argc;
  return 0;
#endif
}

Determining if the function pthread_create exists in the pthreads failed with the following output:
Change Dir: /home/feraldo/ROS_ws/bionic_hand_ws/build/CMakeFiles/CMakeTmp

Run Build Command:"/usr/bin/make" "cmTC_1bfac/fast"
/usr/bin/make -f CMakeFiles/cmTC_1bfac.dir/build.make CMakeFiles/cmTC_1bfac.dir/build
make[1]: Entering directory '/home/feraldo/ROS_ws/bionic_hand_ws/build/CMakeFiles/CMakeTmp'
Building C object CMakeFiles/cmTC_1bfac.dir/CheckFunctionExists.c.o
/usr/bin/cc    -DCHECK_FUNCTION_EXISTS=pthread_create   -o CMakeFiles/cmTC_1bfac.dir/CheckFunctionExists.c.o   -c /usr/share/cmake-3.5/Modules/CheckFunctionExists.c
Linking C executable cmTC_1bfac
/usr/bin/cmake -E cmake_link_script CMakeFiles/cmTC_1bfac.dir/link.txt --verbose=1
/usr/bin/cc   -DCHECK_FUNCTION_EXISTS=pthread_create    CMakeFiles/cmTC_1bfac.dir/CheckFunctionExists.c.o  -o cmTC_1bfac -rdynamic -lpthreads 
/usr/bin/ld: cannot find -lpthreads
collect2: error: ld returned 1 exit status
CMakeFiles/cmTC_1bfac.dir/build.make:97: recipe for target 'cmTC_1bfac' failed
make[1]: *** [cmTC_1bfac] Error 1
make[1]: Leaving directory '/home/feraldo/ROS_ws/bionic_hand_ws/build/CMakeFiles/CMakeTmp'
Makefile:126: recipe for target 'cmTC_1bfac/fast' failed
make: *** [cmTC_1bfac/fast] Error 2


